load word frequency mapping - complete
loaded tensor torch.Size([798949912])
loaded tensor torch.Size([30301027, 2])
#sentences 30301027
load train data - complete
#sentences 6073
load test data - complete
Batch Size: 1024 Initial LR: 0.004
Random Initialization - No Saved Model
8192 Dense CMS torch.Size([8192, 51])
8192 Dense CMS torch.Size([8192, 409])
8192 Dense CMS torch.Size([8192, 1])
8192 Dense CMS torch.Size([8192, 1])
256 Dense CMS torch.Size([256, 409])
256 Dense CMS torch.Size([256, 1])
793471 CMS torch.Size([3, 52898, 256])
793471 CMS torch.Size([3, 52898, 256])
793471 Dense CMS torch.Size([793471, 1])
Epoch:   1 |     0/39011 batches | lr 0.004000 | ms/batch 17.17 | loss 13.07 | ppl 473681.63
Epoch:   1 |   125/39011 batches | lr 0.003997 | ms/batch 544.65 | loss  6.59 | ppl   726.78
Epoch:   1 |   250/39011 batches | lr 0.003995 | ms/batch 567.19 | loss  5.78 | ppl   322.69
Epoch:   1 |   375/39011 batches | lr 0.003992 | ms/batch 560.35 | loss  5.42 | ppl   226.23
Epoch:   1 |   500/39011 batches | lr 0.003990 | ms/batch 555.29 | loss  5.26 | ppl   191.71
Epoch:   1 |   625/39011 batches | lr 0.003987 | ms/batch 563.40 | loss  5.04 | ppl   154.24
Epoch:   1 |   750/39011 batches | lr 0.003985 | ms/batch 573.53 | loss  4.88 | ppl   131.71
Epoch:   1 |   875/39011 batches | lr 0.003982 | ms/batch 551.98 | loss  4.76 | ppl   116.19
Epoch:   1 |  1000/39011 batches | lr 0.003979 | ms/batch 558.95 | loss  4.74 | ppl   113.90
Epoch:   1 |  1125/39011 batches | lr 0.003977 | ms/batch 561.21 | loss 12.43 | ppl 250053.46
Epoch:   1 |  1250/39011 batches | lr 0.003974 | ms/batch 538.51 | loss  4.57 | ppl    96.12
Epoch:   1 |  1375/39011 batches | lr 0.003972 | ms/batch 553.68 | loss  4.46 | ppl    86.63
Epoch:   1 |  1500/39011 batches | lr 0.003969 | ms/batch 567.15 | loss  4.41 | ppl    82.56
Epoch:   1 |  1625/39011 batches | lr 0.003967 | ms/batch 566.86 | loss  4.34 | ppl    76.90
Epoch:   1 |  1750/39011 batches | lr 0.003964 | ms/batch 558.94 | loss  4.30 | ppl    73.84
Epoch:   1 |  1875/39011 batches | lr 0.003962 | ms/batch 565.24 | loss  4.27 | ppl    71.52
Epoch:   1 |  2000/39011 batches | lr 0.003959 | ms/batch 566.08 | loss  4.26 | ppl    70.69
Epoch:   1 |  2125/39011 batches | lr 0.003956 | ms/batch 554.88 | loss  4.27 | ppl    71.44
Epoch:   1 |  2250/39011 batches | lr 0.003954 | ms/batch 552.46 | loss  4.17 | ppl    64.99
Epoch:   1 |  2375/39011 batches | lr 0.003951 | ms/batch 557.10 | loss  4.11 | ppl    61.22
Epoch:   1 |  2500/39011 batches | lr 0.003949 | ms/batch 557.91 | loss  4.14 | ppl    62.77
Epoch:   1 |  2625/39011 batches | lr 0.003946 | ms/batch 555.04 | loss  4.08 | ppl    59.25
Epoch:   1 |  2750/39011 batches | lr 0.003944 | ms/batch 557.75 | loss  4.07 | ppl    58.57
Epoch:   1 |  2875/39011 batches | lr 0.003941 | ms/batch 547.75 | loss  4.03 | ppl    56.54
Epoch:   1 |  3000/39011 batches | lr 0.003938 | ms/batch 562.52 | loss  4.05 | ppl    57.12
Epoch:   1 |  3125/39011 batches | lr 0.003936 | ms/batch 560.94 | loss  4.05 | ppl    57.63
Epoch:   1 |  3250/39011 batches | lr 0.003933 | ms/batch 561.25 | loss  3.99 | ppl    54.02
Epoch:   1 |  3375/39011 batches | lr 0.003931 | ms/batch 565.25 | loss  3.97 | ppl    52.81
Epoch:   1 |  3500/39011 batches | lr 0.003928 | ms/batch 555.21 | loss  3.99 | ppl    54.13
Epoch:   1 |  3625/39011 batches | lr 0.003926 | ms/batch 567.99 | loss  3.93 | ppl    50.74
Epoch:   1 |  3750/39011 batches | lr 0.003923 | ms/batch 551.92 | loss  3.92 | ppl    50.45
Epoch:   1 |  3875/39011 batches | lr 0.003921 | ms/batch 553.36 | loss  3.94 | ppl    51.43
Epoch:   1 |  4000/39011 batches | lr 0.003918 | ms/batch 567.91 | loss  3.94 | ppl    51.53
Epoch:   1 |  4125/39011 batches | lr 0.003915 | ms/batch 556.43 | loss  3.96 | ppl    52.47
Epoch:   1 |  4250/39011 batches | lr 0.003913 | ms/batch 557.49 | loss  3.89 | ppl    49.06
Epoch:   1 |  4375/39011 batches | lr 0.003910 | ms/batch 562.15 | loss  3.90 | ppl    49.25
Epoch:   1 |  4500/39011 batches | lr 0.003908 | ms/batch 556.92 | loss  3.91 | ppl    49.68
Epoch:   1 |  4625/39011 batches | lr 0.003905 | ms/batch 558.77 | loss  3.88 | ppl    48.34
Epoch:   1 |  4750/39011 batches | lr 0.003903 | ms/batch 573.42 | loss  3.90 | ppl    49.34
Epoch:   1 |  4875/39011 batches | lr 0.003900 | ms/batch 565.28 | loss  3.87 | ppl    47.79
Epoch:   1 |  5000/39011 batches | lr 0.003897 | ms/batch 565.48 | loss  3.80 | ppl    44.64
Epoch:   1 |  5125/39011 batches | lr 0.003895 | ms/batch 561.05 | loss  3.88 | ppl    48.49
Epoch:   1 |  5250/39011 batches | lr 0.003892 | ms/batch 561.37 | loss  3.84 | ppl    46.54
Epoch:   1 |  5375/39011 batches | lr 0.003890 | ms/batch 558.52 | loss  3.86 | ppl    47.33
Epoch:   1 |  5500/39011 batches | lr 0.003887 | ms/batch 560.57 | loss  3.77 | ppl    43.41
Epoch:   1 |  5625/39011 batches | lr 0.003885 | ms/batch 566.54 | loss  3.81 | ppl    45.01
Epoch:   1 |  5750/39011 batches | lr 0.003882 | ms/batch 563.81 | loss  3.75 | ppl    42.55
Epoch:   1 |  5875/39011 batches | lr 0.003880 | ms/batch 556.75 | loss  3.78 | ppl    43.77
Epoch:   1 |  6000/39011 batches | lr 0.003877 | ms/batch 500.85 | loss  3.77 | ppl    43.38
Epoch:   1 |  6125/39011 batches | lr 0.003874 | ms/batch 505.54 | loss  3.77 | ppl    43.53
Epoch:   1 |  6250/39011 batches | lr 0.003872 | ms/batch 538.31 | loss  3.79 | ppl    44.45
Epoch:   1 |  6375/39011 batches | lr 0.003869 | ms/batch 555.77 | loss  3.78 | ppl    43.74
Epoch:   1 |  6500/39011 batches | lr 0.003867 | ms/batch 555.18 | loss  3.76 | ppl    43.14
Epoch:   1 |  6625/39011 batches | lr 0.003864 | ms/batch 551.35 | loss  3.75 | ppl    42.70
Epoch:   1 |  6750/39011 batches | lr 0.003862 | ms/batch 555.11 | loss  3.68 | ppl    39.63
Epoch:   1 |  6875/39011 batches | lr 0.003859 | ms/batch 555.87 | loss  3.74 | ppl    41.99
Epoch:   1 |  7000/39011 batches | lr 0.003856 | ms/batch 541.80 | loss  3.75 | ppl    42.57
Epoch:   1 |  7125/39011 batches | lr 0.003854 | ms/batch 560.55 | loss  3.73 | ppl    41.56
Epoch:   1 |  7250/39011 batches | lr 0.003851 | ms/batch 555.30 | loss  3.75 | ppl    42.62
Epoch:   1 |  7375/39011 batches | lr 0.003849 | ms/batch 545.80 | loss  3.71 | ppl    40.87
Epoch:   1 |  7500/39011 batches | lr 0.003846 | ms/batch 554.46 | loss  3.70 | ppl    40.53
Epoch:   1 |  7625/39011 batches | lr 0.003844 | ms/batch 558.69 | loss  3.68 | ppl    39.64
Epoch:   1 |  7750/39011 batches | lr 0.003841 | ms/batch 567.58 | loss  3.71 | ppl    40.88
Epoch:   1 |  7875/39011 batches | lr 0.003838 | ms/batch 555.97 | loss  3.68 | ppl    39.68
Epoch:   1 |  8000/39011 batches | lr 0.003836 | ms/batch 561.66 | loss  3.72 | ppl    41.43
Epoch:   1 |  8125/39011 batches | lr 0.003833 | ms/batch 557.26 | loss  3.74 | ppl    41.95
Epoch:   1 |  8250/39011 batches | lr 0.003831 | ms/batch 560.32 | loss  3.69 | ppl    39.98
Epoch:   1 |  8375/39011 batches | lr 0.003828 | ms/batch 557.90 | loss  3.69 | ppl    40.02
Epoch:   1 |  8500/39011 batches | lr 0.003826 | ms/batch 558.52 | loss  3.72 | ppl    41.38
Epoch:   1 |  8625/39011 batches | lr 0.003823 | ms/batch 562.41 | loss  3.66 | ppl    39.05
Epoch:   1 |  8750/39011 batches | lr 0.003821 | ms/batch 583.88 | loss  3.67 | ppl    39.24
Epoch:   1 |  8875/39011 batches | lr 0.003818 | ms/batch 586.96 | loss  3.69 | ppl    40.15
Epoch:   1 |  9000/39011 batches | lr 0.003815 | ms/batch 561.22 | loss  3.68 | ppl    39.65
Epoch:   1 |  9125/39011 batches | lr 0.003813 | ms/batch 564.66 | loss  3.67 | ppl    39.15
Epoch:   1 |  9250/39011 batches | lr 0.003810 | ms/batch 548.23 | loss  3.69 | ppl    40.24
Epoch:   1 |  9375/39011 batches | lr 0.003808 | ms/batch 565.08 | loss  3.65 | ppl    38.58
Epoch:   1 |  9500/39011 batches | lr 0.003805 | ms/batch 563.45 | loss  3.66 | ppl    38.75
Epoch:   1 |  9625/39011 batches | lr 0.003803 | ms/batch 562.17 | loss  3.67 | ppl    39.17
Epoch:   1 |  9750/39011 batches | lr 0.003800 | ms/batch 568.59 | loss  3.65 | ppl    38.29
Epoch:   1 |  9875/39011 batches | lr 0.003797 | ms/batch 573.14 | loss  3.66 | ppl    38.78
Epoch:   1 | 10000/39011 batches | lr 0.003795 | ms/batch 562.77 | loss  3.65 | ppl    38.33
Epoch:   1 | 10125/39011 batches | lr 0.003792 | ms/batch 553.37 | loss  3.65 | ppl    38.66
Epoch:   1 | 10250/39011 batches | lr 0.003790 | ms/batch 551.45 | loss  3.64 | ppl    37.99
Epoch:   1 | 10375/39011 batches | lr 0.003787 | ms/batch 553.27 | loss  3.62 | ppl    37.51
Epoch:   1 | 10500/39011 batches | lr 0.003785 | ms/batch 557.50 | loss  3.66 | ppl    38.81
Epoch:   1 | 10625/39011 batches | lr 0.003782 | ms/batch 556.13 | loss  3.66 | ppl    38.99
Epoch:   1 | 10750/39011 batches | lr 0.003780 | ms/batch 572.82 | loss  3.56 | ppl    35.18
Epoch:   1 | 10875/39011 batches | lr 0.003777 | ms/batch 559.15 | loss  3.62 | ppl    37.52
Epoch:   1 | 11000/39011 batches | lr 0.003774 | ms/batch 591.33 | loss  3.61 | ppl    37.14
Epoch:   1 | 11125/39011 batches | lr 0.003772 | ms/batch 592.88 | loss  3.64 | ppl    37.96
Epoch:   1 | 11250/39011 batches | lr 0.003769 | ms/batch 593.15 | loss  3.66 | ppl    38.97
Epoch:   1 | 11375/39011 batches | lr 0.003767 | ms/batch 592.78 | loss  3.64 | ppl    37.92
Epoch:   1 | 11500/39011 batches | lr 0.003764 | ms/batch 570.24 | loss  3.59 | ppl    36.08
Epoch:   1 | 11625/39011 batches | lr 0.003762 | ms/batch 571.13 | loss  3.65 | ppl    38.31
Epoch:   1 | 11750/39011 batches | lr 0.003759 | ms/batch 578.04 | loss  3.58 | ppl    35.71
Epoch:   1 | 11875/39011 batches | lr 0.003756 | ms/batch 552.71 | loss  3.59 | ppl    36.37
Epoch:   1 | 12000/39011 batches | lr 0.003754 | ms/batch 552.87 | loss  3.59 | ppl    36.41
Epoch:   1 | 12125/39011 batches | lr 0.003751 | ms/batch 557.00 | loss  3.61 | ppl    37.11
Epoch:   1 | 12250/39011 batches | lr 0.003749 | ms/batch 560.51 | loss  3.62 | ppl    37.38
Epoch:   1 | 12375/39011 batches | lr 0.003746 | ms/batch 548.64 | loss  3.63 | ppl    37.56
Epoch:   1 | 12500/39011 batches | lr 0.003744 | ms/batch 582.03 | loss  3.59 | ppl    36.23
Epoch:   1 | 12625/39011 batches | lr 0.003741 | ms/batch 565.52 | loss  3.56 | ppl    35.33
Epoch:   1 | 12750/39011 batches | lr 0.003739 | ms/batch 558.81 | loss  3.58 | ppl    36.04
Epoch:   1 | 12875/39011 batches | lr 0.003736 | ms/batch 555.92 | loss  3.55 | ppl    34.95
Epoch:   1 | 13000/39011 batches | lr 0.003733 | ms/batch 558.56 | loss  3.59 | ppl    36.08
Epoch:   1 | 13125/39011 batches | lr 0.003731 | ms/batch 568.29 | loss  3.63 | ppl    37.59
Epoch:   1 | 13250/39011 batches | lr 0.003728 | ms/batch 562.40 | loss  3.58 | ppl    35.74
Epoch:   1 | 13375/39011 batches | lr 0.003726 | ms/batch 553.56 | loss  3.63 | ppl    37.85
Epoch:   1 | 13500/39011 batches | lr 0.003723 | ms/batch 552.49 | loss  3.58 | ppl    36.05
Epoch:   1 | 13625/39011 batches | lr 0.003721 | ms/batch 564.44 | loss  3.52 | ppl    33.84
Epoch:   1 | 13750/39011 batches | lr 0.003718 | ms/batch 565.03 | loss  3.56 | ppl    35.05
Epoch:   1 | 13875/39011 batches | lr 0.003715 | ms/batch 560.83 | loss  3.56 | ppl    35.30
Epoch:   1 | 14000/39011 batches | lr 0.003713 | ms/batch 566.49 | loss  3.59 | ppl    36.34
Epoch:   1 | 14125/39011 batches | lr 0.003710 | ms/batch 554.70 | loss  3.56 | ppl    35.08
Epoch:   1 | 14250/39011 batches | lr 0.003708 | ms/batch 558.77 | loss  3.61 | ppl    36.98
Epoch:   1 | 14375/39011 batches | lr 0.003705 | ms/batch 562.10 | loss  3.58 | ppl    35.96
Epoch:   1 | 14500/39011 batches | lr 0.003703 | ms/batch 559.58 | loss  3.62 | ppl    37.48
Epoch:   1 | 14625/39011 batches | lr 0.003700 | ms/batch 583.67 | loss  3.59 | ppl    36.34
Epoch:   1 | 14750/39011 batches | lr 0.003698 | ms/batch 576.26 | loss  3.54 | ppl    34.38
Epoch:   1 | 14875/39011 batches | lr 0.003695 | ms/batch 548.48 | loss  3.58 | ppl    35.88
Epoch:   1 | 15000/39011 batches | lr 0.003692 | ms/batch 552.49 | loss  3.53 | ppl    34.19
Epoch:   1 | 15125/39011 batches | lr 0.003690 | ms/batch 552.80 | loss  3.58 | ppl    35.75
Epoch:   1 | 15250/39011 batches | lr 0.003687 | ms/batch 554.21 | loss  3.55 | ppl    34.73
Epoch:   1 | 15375/39011 batches | lr 0.003685 | ms/batch 553.73 | loss  3.58 | ppl    35.97
Epoch:   1 | 15500/39011 batches | lr 0.003682 | ms/batch 548.94 | loss  3.55 | ppl    34.77
Epoch:   1 | 15625/39011 batches | lr 0.003680 | ms/batch 551.03 | loss  3.54 | ppl    34.36
Epoch:   1 | 15750/39011 batches | lr 0.003677 | ms/batch 544.47 | loss  3.51 | ppl    33.41
Epoch:   1 | 15875/39011 batches | lr 0.003674 | ms/batch 549.43 | loss  3.53 | ppl    33.96
Epoch:   1 | 16000/39011 batches | lr 0.003672 | ms/batch 548.14 | loss  3.55 | ppl    34.81
Epoch:   1 | 16125/39011 batches | lr 0.003669 | ms/batch 551.93 | loss  3.53 | ppl    34.24
Epoch:   1 | 16250/39011 batches | lr 0.003667 | ms/batch 549.23 | loss  3.55 | ppl    34.86
Epoch:   1 | 16375/39011 batches | lr 0.003664 | ms/batch 546.83 | loss  3.55 | ppl    34.64
Epoch:   1 | 16500/39011 batches | lr 0.003662 | ms/batch 547.18 | loss  3.56 | ppl    35.11
Epoch:   1 | 16625/39011 batches | lr 0.003659 | ms/batch 548.32 | loss  3.50 | ppl    33.28
Epoch:   1 | 16750/39011 batches | lr 0.003656 | ms/batch 544.91 | loss  3.57 | ppl    35.67
Epoch:   1 | 16875/39011 batches | lr 0.003654 | ms/batch 547.59 | loss  3.53 | ppl    34.04
Epoch:   1 | 17000/39011 batches | lr 0.003651 | ms/batch 545.72 | loss  3.53 | ppl    34.25
Epoch:   1 | 17125/39011 batches | lr 0.003649 | ms/batch 545.77 | loss  3.58 | ppl    35.92
Epoch:   1 | 17250/39011 batches | lr 0.003646 | ms/batch 546.51 | loss  3.58 | ppl    35.74
Epoch:   1 | 17375/39011 batches | lr 0.003644 | ms/batch 545.95 | loss  3.55 | ppl    34.69
Epoch:   1 | 17500/39011 batches | lr 0.003641 | ms/batch 543.80 | loss  3.53 | ppl    34.19
Epoch:   1 | 17625/39011 batches | lr 0.003639 | ms/batch 554.79 | loss  3.55 | ppl    34.85
Epoch:   1 | 17750/39011 batches | lr 0.003636 | ms/batch 563.00 | loss  3.54 | ppl    34.32
Epoch:   1 | 17875/39011 batches | lr 0.003633 | ms/batch 553.08 | loss  3.48 | ppl    32.54
Epoch:   1 | 18000/39011 batches | lr 0.003631 | ms/batch 546.58 | loss  3.54 | ppl    34.38
Epoch:   1 | 18125/39011 batches | lr 0.003628 | ms/batch 551.44 | loss  3.57 | ppl    35.61
Epoch:   1 | 18250/39011 batches | lr 0.003626 | ms/batch 548.12 | loss  3.52 | ppl    33.79
Epoch:   1 | 18375/39011 batches | lr 0.003623 | ms/batch 550.42 | loss  3.56 | ppl    35.08
Epoch:   1 | 18500/39011 batches | lr 0.003621 | ms/batch 547.51 | loss  3.53 | ppl    34.22
Epoch:   1 | 18625/39011 batches | lr 0.003618 | ms/batch 571.46 | loss  3.56 | ppl    35.21
Epoch:   1 | 18750/39011 batches | lr 0.003615 | ms/batch 572.60 | loss  3.54 | ppl    34.38
Epoch:   1 | 18875/39011 batches | lr 0.003613 | ms/batch 565.52 | loss  3.51 | ppl    33.60
Epoch:   1 | 19000/39011 batches | lr 0.003610 | ms/batch 552.37 | loss  3.53 | ppl    34.25
Epoch:   1 | 19125/39011 batches | lr 0.003608 | ms/batch 577.84 | loss  3.52 | ppl    33.65
Epoch:   1 | 19250/39011 batches | lr 0.003605 | ms/batch 576.15 | loss  3.52 | ppl    33.81
Epoch:   1 | 19375/39011 batches | lr 0.003603 | ms/batch 581.31 | loss  3.56 | ppl    35.19
Epoch:   1 | 19500/39011 batches | lr 0.003600 | ms/batch 565.45 | loss  3.51 | ppl    33.39
Epoch:   1 | 19625/39011 batches | lr 0.003598 | ms/batch 571.15 | loss  3.53 | ppl    34.07
Epoch:   1 | 19750/39011 batches | lr 0.003595 | ms/batch 579.85 | loss  3.57 | ppl    35.47
Epoch:   1 | 19875/39011 batches | lr 0.003592 | ms/batch 572.75 | loss  3.50 | ppl    33.07
Epoch:   1 | 20000/39011 batches | lr 0.003590 | ms/batch 557.96 | loss  3.52 | ppl    33.69
Epoch:   1 | 20125/39011 batches | lr 0.003587 | ms/batch 563.13 | loss  3.51 | ppl    33.55
Epoch:   1 | 20250/39011 batches | lr 0.003585 | ms/batch 547.55 | loss  3.52 | ppl    33.65
Epoch:   1 | 20375/39011 batches | lr 0.003582 | ms/batch 561.66 | loss  3.48 | ppl    32.41
Epoch:   1 | 20500/39011 batches | lr 0.003580 | ms/batch 573.42 | loss  3.51 | ppl    33.31
Epoch:   1 | 20625/39011 batches | lr 0.003577 | ms/batch 575.74 | loss  3.54 | ppl    34.34
Epoch:   1 | 20750/39011 batches | lr 0.003574 | ms/batch 562.43 | loss  3.50 | ppl    33.12
Epoch:   1 | 20875/39011 batches | lr 0.003572 | ms/batch 544.13 | loss  3.50 | ppl    33.04
Epoch:   1 | 21000/39011 batches | lr 0.003569 | ms/batch 549.62 | loss  3.47 | ppl    32.09
Epoch:   1 | 21125/39011 batches | lr 0.003567 | ms/batch 570.03 | loss  3.50 | ppl    33.03
Epoch:   1 | 21250/39011 batches | lr 0.003564 | ms/batch 570.02 | loss  3.51 | ppl    33.54
Epoch:   1 | 21375/39011 batches | lr 0.003562 | ms/batch 544.24 | loss  3.49 | ppl    32.85
Epoch:   1 | 21500/39011 batches | lr 0.003559 | ms/batch 573.26 | loss  3.54 | ppl    34.49
Epoch:   1 | 21625/39011 batches | lr 0.003557 | ms/batch 590.66 | loss  3.53 | ppl    34.11
Epoch:   1 | 21750/39011 batches | lr 0.003554 | ms/batch 568.57 | loss  3.49 | ppl    32.70
Epoch:   1 | 21875/39011 batches | lr 0.003551 | ms/batch 595.85 | loss  3.51 | ppl    33.50
Epoch:   1 | 22000/39011 batches | lr 0.003549 | ms/batch 576.82 | loss  3.52 | ppl    33.76
Epoch:   1 | 22125/39011 batches | lr 0.003546 | ms/batch 589.27 | loss  3.49 | ppl    32.76
Epoch:   1 | 22250/39011 batches | lr 0.003544 | ms/batch 596.01 | loss  3.48 | ppl    32.60
Epoch:   1 | 22375/39011 batches | lr 0.003541 | ms/batch 579.33 | loss  3.48 | ppl    32.53
Epoch:   1 | 22500/39011 batches | lr 0.003539 | ms/batch 573.91 | loss  3.49 | ppl    32.77
Epoch:   1 | 22625/39011 batches | lr 0.003536 | ms/batch 589.02 | loss  3.47 | ppl    32.25
Epoch:   1 | 22750/39011 batches | lr 0.003533 | ms/batch 579.60 | loss  3.45 | ppl    31.59
Epoch:   1 | 22875/39011 batches | lr 0.003531 | ms/batch 579.48 | loss  3.44 | ppl    31.27
Epoch:   1 | 23000/39011 batches | lr 0.003528 | ms/batch 582.31 | loss  3.49 | ppl    32.72
Epoch:   1 | 23125/39011 batches | lr 0.003526 | ms/batch 579.82 | loss  3.48 | ppl    32.47
Epoch:   1 | 23250/39011 batches | lr 0.003523 | ms/batch 566.36 | loss  3.49 | ppl    32.79
Epoch:   1 | 23375/39011 batches | lr 0.003521 | ms/batch 569.78 | loss  3.50 | ppl    33.07
Epoch:   1 | 23500/39011 batches | lr 0.003518 | ms/batch 570.00 | loss  3.49 | ppl    32.86
Epoch:   1 | 23625/39011 batches | lr 0.003516 | ms/batch 563.97 | loss  3.51 | ppl    33.42
Epoch:   1 | 23750/39011 batches | lr 0.003513 | ms/batch 554.96 | loss  3.52 | ppl    33.73
Epoch:   1 | 23875/39011 batches | lr 0.003510 | ms/batch 547.84 | loss  3.49 | ppl    32.72
Epoch:   1 | 24000/39011 batches | lr 0.003508 | ms/batch 585.08 | loss  3.50 | ppl    33.20
Epoch:   1 | 24125/39011 batches | lr 0.003505 | ms/batch 586.73 | loss  3.49 | ppl    32.67
Epoch:   1 | 24250/39011 batches | lr 0.003503 | ms/batch 591.74 | loss  3.47 | ppl    32.13
Epoch:   1 | 24375/39011 batches | lr 0.003500 | ms/batch 569.84 | loss  3.46 | ppl    31.75
Epoch:   1 | 24500/39011 batches | lr 0.003498 | ms/batch 565.51 | loss  3.48 | ppl    32.42
Epoch:   1 | 24625/39011 batches | lr 0.003495 | ms/batch 568.01 | loss  3.49 | ppl    32.78
Epoch:   1 | 24750/39011 batches | lr 0.003492 | ms/batch 568.79 | loss  3.47 | ppl    32.20
Epoch:   1 | 24875/39011 batches | lr 0.003490 | ms/batch 564.89 | loss  3.48 | ppl    32.44
Epoch:   1 | 25000/39011 batches | lr 0.003487 | ms/batch 565.56 | loss  3.45 | ppl    31.64
Epoch:   1 | 25125/39011 batches | lr 0.003485 | ms/batch 564.43 | loss  3.52 | ppl    33.69
Epoch:   1 | 25250/39011 batches | lr 0.003482 | ms/batch 564.47 | loss  3.49 | ppl    32.88
Epoch:   1 | 25375/39011 batches | lr 0.003480 | ms/batch 565.00 | loss  3.47 | ppl    32.11
Epoch:   1 | 25500/39011 batches | lr 0.003477 | ms/batch 563.35 | loss  3.47 | ppl    32.05
Epoch:   1 | 25625/39011 batches | lr 0.003474 | ms/batch 562.47 | loss  3.46 | ppl    31.85
Epoch:   1 | 25750/39011 batches | lr 0.003472 | ms/batch 565.61 | loss  3.47 | ppl    32.00
Epoch:   1 | 25875/39011 batches | lr 0.003469 | ms/batch 567.98 | loss  3.50 | ppl    32.99
Epoch:   1 | 26000/39011 batches | lr 0.003467 | ms/batch 560.11 | loss  3.47 | ppl    32.10
Epoch:   1 | 26125/39011 batches | lr 0.003464 | ms/batch 566.71 | loss  3.49 | ppl    32.63
Epoch:   1 | 26250/39011 batches | lr 0.003462 | ms/batch 556.07 | loss  3.53 | ppl    34.06
Epoch:   1 | 26375/39011 batches | lr 0.003459 | ms/batch 550.99 | loss  3.50 | ppl    33.17
Epoch:   1 | 26500/39011 batches | lr 0.003457 | ms/batch 566.42 | loss  3.46 | ppl    31.91
Epoch:   1 | 26625/39011 batches | lr 0.003454 | ms/batch 559.01 | loss  3.46 | ppl    31.76
Epoch:   1 | 26750/39011 batches | lr 0.003451 | ms/batch 571.34 | loss  3.49 | ppl    32.80
Epoch:   1 | 26875/39011 batches | lr 0.003449 | ms/batch 585.58 | loss  3.47 | ppl    32.13
Epoch:   1 | 27000/39011 batches | lr 0.003446 | ms/batch 561.49 | loss  3.47 | ppl    32.20
Epoch:   1 | 27125/39011 batches | lr 0.003444 | ms/batch 568.12 | loss  3.47 | ppl    32.24
Epoch:   1 | 27250/39011 batches | lr 0.003441 | ms/batch 561.87 | loss  3.47 | ppl    32.17
Epoch:   1 | 27375/39011 batches | lr 0.003439 | ms/batch 565.10 | loss  3.44 | ppl    31.34
Epoch:   1 | 27500/39011 batches | lr 0.003436 | ms/batch 567.86 | loss  3.42 | ppl    30.64
Epoch:   1 | 27625/39011 batches | lr 0.003433 | ms/batch 565.78 | loss  3.49 | ppl    32.82
Epoch:   1 | 27750/39011 batches | lr 0.003431 | ms/batch 565.58 | loss  3.43 | ppl    30.94
Epoch:   1 | 27875/39011 batches | lr 0.003428 | ms/batch 546.88 | loss  3.47 | ppl    32.19
Epoch:   1 | 28000/39011 batches | lr 0.003426 | ms/batch 564.99 | loss  3.48 | ppl    32.54
Epoch:   1 | 28125/39011 batches | lr 0.003423 | ms/batch 573.40 | loss  3.52 | ppl    33.86
Epoch:   1 | 28250/39011 batches | lr 0.003421 | ms/batch 563.84 | loss  3.47 | ppl    32.29
Epoch:   1 | 28375/39011 batches | lr 0.003418 | ms/batch 559.26 | loss  3.50 | ppl    33.10
Epoch:   1 | 28500/39011 batches | lr 0.003416 | ms/batch 575.16 | loss  3.47 | ppl    32.24
Epoch:   1 | 28625/39011 batches | lr 0.003413 | ms/batch 555.32 | loss  3.44 | ppl    31.29
Epoch:   1 | 28750/39011 batches | lr 0.003410 | ms/batch 546.62 | loss  3.45 | ppl    31.56
Epoch:   1 | 28875/39011 batches | lr 0.003408 | ms/batch 587.54 | loss  3.47 | ppl    32.12
Epoch:   1 | 29000/39011 batches | lr 0.003405 | ms/batch 564.66 | loss  3.41 | ppl    30.33
Epoch:   1 | 29125/39011 batches | lr 0.003403 | ms/batch 570.30 | loss  3.47 | ppl    32.05
Epoch:   1 | 29250/39011 batches | lr 0.003400 | ms/batch 585.14 | loss  3.47 | ppl    32.27
Epoch:   1 | 29375/39011 batches | lr 0.003398 | ms/batch 583.73 | loss  3.45 | ppl    31.49
Epoch:   1 | 29500/39011 batches | lr 0.003395 | ms/batch 543.22 | loss  3.45 | ppl    31.58
Epoch:   1 | 29625/39011 batches | lr 0.003392 | ms/batch 580.10 | loss  3.47 | ppl    32.17
Epoch:   1 | 29750/39011 batches | lr 0.003390 | ms/batch 568.44 | loss  3.46 | ppl    31.73
Epoch:   1 | 29875/39011 batches | lr 0.003387 | ms/batch 561.85 | loss  3.43 | ppl    30.97
Epoch:   1 | 30000/39011 batches | lr 0.003385 | ms/batch 558.39 | loss  3.45 | ppl    31.37
Epoch:   1 | 30125/39011 batches | lr 0.003382 | ms/batch 568.16 | loss  3.45 | ppl    31.60
Epoch:   1 | 30250/39011 batches | lr 0.003380 | ms/batch 574.26 | loss  3.47 | ppl    32.21
Epoch:   1 | 30375/39011 batches | lr 0.003377 | ms/batch 568.09 | loss  3.42 | ppl    30.44
Epoch:   1 | 30500/39011 batches | lr 0.003375 | ms/batch 575.59 | loss  3.44 | ppl    31.19
Epoch:   1 | 30625/39011 batches | lr 0.003372 | ms/batch 576.49 | loss  3.45 | ppl    31.44
Epoch:   1 | 30750/39011 batches | lr 0.003369 | ms/batch 578.60 | loss  3.47 | ppl    32.09
Epoch:   1 | 30875/39011 batches | lr 0.003367 | ms/batch 585.15 | loss  3.45 | ppl    31.62
Epoch:   1 | 31000/39011 batches | lr 0.003364 | ms/batch 578.33 | loss  3.47 | ppl    32.08
Epoch:   1 | 31125/39011 batches | lr 0.003362 | ms/batch 564.17 | loss  3.46 | ppl    31.88
Epoch:   1 | 31250/39011 batches | lr 0.003359 | ms/batch 588.12 | loss  3.42 | ppl    30.68
Epoch:   1 | 31375/39011 batches | lr 0.003357 | ms/batch 587.10 | loss  3.48 | ppl    32.33
Epoch:   1 | 31500/39011 batches | lr 0.003354 | ms/batch 595.07 | loss  3.42 | ppl    30.65
Epoch:   1 | 31625/39011 batches | lr 0.003351 | ms/batch 588.42 | loss  3.48 | ppl    32.57
Epoch:   1 | 31750/39011 batches | lr 0.003349 | ms/batch 578.14 | loss  3.43 | ppl    30.95
Epoch:   1 | 31875/39011 batches | lr 0.003346 | ms/batch 572.37 | loss  3.43 | ppl    30.87
Epoch:   1 | 32000/39011 batches | lr 0.003344 | ms/batch 588.05 | loss  3.43 | ppl    30.91
Epoch:   1 | 32125/39011 batches | lr 0.003341 | ms/batch 583.88 | loss  3.46 | ppl    31.68
Epoch:   1 | 32250/39011 batches | lr 0.003339 | ms/batch 580.33 | loss  3.38 | ppl    29.49
Epoch:   1 | 32375/39011 batches | lr 0.003336 | ms/batch 594.77 | loss  3.45 | ppl    31.47
Epoch:   1 | 32500/39011 batches | lr 0.003334 | ms/batch 589.09 | loss  3.44 | ppl    31.08
Epoch:   1 | 32625/39011 batches | lr 0.003331 | ms/batch 544.80 | loss  3.46 | ppl    31.68
Epoch:   1 | 32750/39011 batches | lr 0.003328 | ms/batch 558.08 | loss  3.42 | ppl    30.52
Epoch:   1 | 32875/39011 batches | lr 0.003326 | ms/batch 570.71 | loss  3.42 | ppl    30.63
Epoch:   1 | 33000/39011 batches | lr 0.003323 | ms/batch 546.01 | loss  3.44 | ppl    31.12
Epoch:   1 | 33125/39011 batches | lr 0.003321 | ms/batch 587.69 | loss  3.45 | ppl    31.60
Epoch:   1 | 33250/39011 batches | lr 0.003318 | ms/batch 583.13 | loss  3.41 | ppl    30.40
Epoch:   1 | 33375/39011 batches | lr 0.003316 | ms/batch 599.55 | loss  3.45 | ppl    31.43
Epoch:   1 | 33500/39011 batches | lr 0.003313 | ms/batch 564.94 | loss  3.40 | ppl    29.92
Epoch:   1 | 33625/39011 batches | lr 0.003310 | ms/batch 564.86 | loss  3.43 | ppl    30.85
Epoch:   1 | 33750/39011 batches | lr 0.003308 | ms/batch 569.39 | loss  3.45 | ppl    31.40
Epoch:   1 | 33875/39011 batches | lr 0.003305 | ms/batch 559.71 | loss  3.47 | ppl    32.18
Epoch:   1 | 34000/39011 batches | lr 0.003303 | ms/batch 570.22 | loss  3.44 | ppl    31.31
Epoch:   1 | 34125/39011 batches | lr 0.003300 | ms/batch 576.82 | loss  3.43 | ppl    30.75
Epoch:   1 | 34250/39011 batches | lr 0.003298 | ms/batch 591.74 | loss  3.43 | ppl    30.84
Epoch:   1 | 34375/39011 batches | lr 0.003295 | ms/batch 576.20 | loss  3.44 | ppl    31.20
Epoch:   1 | 34500/39011 batches | lr 0.003292 | ms/batch 578.40 | loss  3.46 | ppl    31.82
Epoch:   1 | 34625/39011 batches | lr 0.003290 | ms/batch 567.95 | loss  3.45 | ppl    31.65
Epoch:   1 | 34750/39011 batches | lr 0.003287 | ms/batch 577.12 | loss  3.41 | ppl    30.24
Epoch:   1 | 34875/39011 batches | lr 0.003285 | ms/batch 568.92 | loss  3.47 | ppl    32.18
Epoch:   1 | 35000/39011 batches | lr 0.003282 | ms/batch 558.80 | loss  3.42 | ppl    30.70
Epoch:   1 | 35125/39011 batches | lr 0.003280 | ms/batch 562.36 | loss  3.45 | ppl    31.58
Epoch:   1 | 35250/39011 batches | lr 0.003277 | ms/batch 585.40 | loss  3.41 | ppl    30.39
Epoch:   1 | 35375/39011 batches | lr 0.003275 | ms/batch 570.07 | loss  3.42 | ppl    30.52
Epoch:   1 | 35500/39011 batches | lr 0.003272 | ms/batch 571.23 | loss  3.42 | ppl    30.61
Epoch:   1 | 35625/39011 batches | lr 0.003269 | ms/batch 565.59 | loss  3.46 | ppl    31.77
Epoch:   1 | 35750/39011 batches | lr 0.003267 | ms/batch 562.05 | loss  3.44 | ppl    31.09
Epoch:   1 | 35875/39011 batches | lr 0.003264 | ms/batch 581.61 | loss  3.42 | ppl    30.48
Epoch:   1 | 36000/39011 batches | lr 0.003262 | ms/batch 557.41 | loss  3.41 | ppl    30.23
Epoch:   1 | 36125/39011 batches | lr 0.003259 | ms/batch 585.96 | loss  3.44 | ppl    31.22
Epoch:   1 | 36250/39011 batches | lr 0.003257 | ms/batch 571.85 | loss  3.46 | ppl    31.82
Epoch:   1 | 36375/39011 batches | lr 0.003254 | ms/batch 564.10 | loss  3.47 | ppl    32.27
Epoch:   1 | 36500/39011 batches | lr 0.003251 | ms/batch 556.94 | loss  3.41 | ppl    30.30
Epoch:   1 | 36625/39011 batches | lr 0.003249 | ms/batch 559.93 | loss  3.46 | ppl    31.80
Epoch:   1 | 36750/39011 batches | lr 0.003246 | ms/batch 585.42 | loss  3.43 | ppl    31.02
Epoch:   1 | 36875/39011 batches | lr 0.003244 | ms/batch 575.63 | loss  3.40 | ppl    30.07
Epoch:   1 | 37000/39011 batches | lr 0.003241 | ms/batch 566.66 | loss  3.42 | ppl    30.47
Epoch:   1 | 37125/39011 batches | lr 0.003239 | ms/batch 590.90 | loss  3.42 | ppl    30.69
Epoch:   1 | 37250/39011 batches | lr 0.003236 | ms/batch 588.51 | loss  3.49 | ppl    32.68
Epoch:   1 | 37375/39011 batches | lr 0.003234 | ms/batch 566.24 | loss  3.44 | ppl    31.13
Epoch:   1 | 37500/39011 batches | lr 0.003231 | ms/batch 543.49 | loss  3.41 | ppl    30.40
-----------------------------------------------------------------------------------------
Test:   1 | time: 21487.12s | valid loss  3.93 | valid ppl    51.07
-----------------------------------------------------------------------------------------
Epoch:   2 |     0/39011 batches | lr 0.003230 | ms/batch  5.55 | loss  3.86 | ppl    47.30
Epoch:   2 |   125/39011 batches | lr 0.003228 | ms/batch 573.73 | loss  3.44 | ppl    31.04
Epoch:   2 |   250/39011 batches | lr 0.003225 | ms/batch 565.73 | loss  3.39 | ppl    29.78
Epoch:   2 |   375/39011 batches | lr 0.003223 | ms/batch 554.96 | loss  3.39 | ppl    29.58
Epoch:   2 |   500/39011 batches | lr 0.003220 | ms/batch 535.36 | loss  3.48 | ppl    32.35
Epoch:   2 |   625/39011 batches | lr 0.003218 | ms/batch 574.20 | loss  3.40 | ppl    29.91
Epoch:   2 |   750/39011 batches | lr 0.003215 | ms/batch 592.50 | loss  3.38 | ppl    29.38
Epoch:   2 |   875/39011 batches | lr 0.003212 | ms/batch 594.36 | loss  3.40 | ppl    30.03
Epoch:   2 |  1000/39011 batches | lr 0.003210 | ms/batch 568.78 | loss  3.44 | ppl    31.04
Epoch:   2 |  1125/39011 batches | lr 0.003207 | ms/batch 583.00 | loss  3.45 | ppl    31.53
Epoch:   2 |  1250/39011 batches | lr 0.003205 | ms/batch 576.44 | loss  3.46 | ppl    31.83
Epoch:   2 |  1375/39011 batches | lr 0.003202 | ms/batch 568.72 | loss  3.40 | ppl    30.01
Epoch:   2 |  1500/39011 batches | lr 0.003200 | ms/batch 558.69 | loss  3.45 | ppl    31.39
Epoch:   2 |  1625/39011 batches | lr 0.003197 | ms/batch 556.22 | loss  3.43 | ppl    30.98
Epoch:   2 |  1750/39011 batches | lr 0.003194 | ms/batch 560.01 | loss  3.41 | ppl    30.26
Epoch:   2 |  1875/39011 batches | lr 0.003192 | ms/batch 576.21 | loss  3.43 | ppl    30.90
Epoch:   2 |  2000/39011 batches | lr 0.003189 | ms/batch 570.33 | loss  3.40 | ppl    30.00
Epoch:   2 |  2125/39011 batches | lr 0.003187 | ms/batch 555.58 | loss  3.42 | ppl    30.55
Epoch:   2 |  2250/39011 batches | lr 0.003184 | ms/batch 563.00 | loss  3.41 | ppl    30.16
Epoch:   2 |  2375/39011 batches | lr 0.003182 | ms/batch 578.45 | loss  3.40 | ppl    30.03
Epoch:   2 |  2500/39011 batches | lr 0.003179 | ms/batch 573.10 | loss  3.44 | ppl    31.30
Epoch:   2 |  2625/39011 batches | lr 0.003176 | ms/batch 567.57 | loss  3.41 | ppl    30.39
Epoch:   2 |  2750/39011 batches | lr 0.003174 | ms/batch 563.80 | loss  3.41 | ppl    30.22
Epoch:   2 |  2875/39011 batches | lr 0.003171 | ms/batch 559.21 | loss  3.43 | ppl    30.87
Epoch:   2 |  3000/39011 batches | lr 0.003169 | ms/batch 555.30 | loss  3.40 | ppl    29.86
Epoch:   2 |  3125/39011 batches | lr 0.003166 | ms/batch 551.32 | loss  3.38 | ppl    29.48
Epoch:   2 |  3250/39011 batches | lr 0.003164 | ms/batch 559.14 | loss  3.35 | ppl    28.63
Epoch:   2 |  3375/39011 batches | lr 0.003161 | ms/batch 559.14 | loss  3.38 | ppl    29.42
Epoch:   2 |  3500/39011 batches | lr 0.003159 | ms/batch 561.80 | loss  3.42 | ppl    30.59
Epoch:   2 |  3625/39011 batches | lr 0.003156 | ms/batch 564.84 | loss  3.38 | ppl    29.40
Epoch:   2 |  3750/39011 batches | lr 0.003153 | ms/batch 574.52 | loss  3.42 | ppl    30.48
Epoch:   2 |  3875/39011 batches | lr 0.003151 | ms/batch 566.57 | loss  3.42 | ppl    30.52
Epoch:   2 |  4000/39011 batches | lr 0.003148 | ms/batch 558.27 | loss  3.41 | ppl    30.37
Epoch:   2 |  4125/39011 batches | lr 0.003146 | ms/batch 558.93 | loss  3.42 | ppl    30.68
Epoch:   2 |  4250/39011 batches | lr 0.003143 | ms/batch 559.97 | loss  3.38 | ppl    29.42
Epoch:   2 |  4375/39011 batches | lr 0.003141 | ms/batch 561.71 | loss  3.40 | ppl    29.92
Epoch:   2 |  4500/39011 batches | lr 0.003138 | ms/batch 553.79 | loss  3.44 | ppl    31.27
Epoch:   2 |  4625/39011 batches | lr 0.003135 | ms/batch 538.69 | loss  3.44 | ppl    31.20
Epoch:   2 |  4750/39011 batches | lr 0.003133 | ms/batch 556.60 | loss  3.43 | ppl    31.03
Epoch:   2 |  4875/39011 batches | lr 0.003130 | ms/batch 566.56 | loss  3.44 | ppl    31.21
Epoch:   2 |  5000/39011 batches | lr 0.003128 | ms/batch 582.59 | loss  3.37 | ppl    29.01
Epoch:   2 |  5125/39011 batches | lr 0.003125 | ms/batch 576.21 | loss  3.40 | ppl    29.91
Epoch:   2 |  5250/39011 batches | lr 0.003123 | ms/batch 563.77 | loss  3.37 | ppl    29.03
Epoch:   2 |  5375/39011 batches | lr 0.003120 | ms/batch 587.41 | loss  3.41 | ppl    30.36
Epoch:   2 |  5500/39011 batches | lr 0.003118 | ms/batch 590.84 | loss  3.39 | ppl    29.63
Epoch:   2 |  5625/39011 batches | lr 0.003115 | ms/batch 590.76 | loss  3.40 | ppl    30.10
Epoch:   2 |  5750/39011 batches | lr 0.003112 | ms/batch 564.60 | loss  3.38 | ppl    29.51
Epoch:   2 |  5875/39011 batches | lr 0.003110 | ms/batch 578.50 | loss  3.40 | ppl    29.87
Epoch:   2 |  6000/39011 batches | lr 0.003107 | ms/batch 566.52 | loss  3.38 | ppl    29.32
Epoch:   2 |  6125/39011 batches | lr 0.003105 | ms/batch 558.13 | loss  3.37 | ppl    28.95
Epoch:   2 |  6250/39011 batches | lr 0.003102 | ms/batch 562.96 | loss  3.43 | ppl    30.77
Epoch:   2 |  6375/39011 batches | lr 0.003100 | ms/batch 580.15 | loss  3.39 | ppl    29.65
Epoch:   2 |  6500/39011 batches | lr 0.003097 | ms/batch 568.50 | loss  3.41 | ppl    30.30
Epoch:   2 |  6625/39011 batches | lr 0.003094 | ms/batch 569.62 | loss  3.40 | ppl    29.98
Epoch:   2 |  6750/39011 batches | lr 0.003092 | ms/batch 570.46 | loss  3.33 | ppl    27.86
Epoch:   2 |  6875/39011 batches | lr 0.003089 | ms/batch 551.17 | loss  3.39 | ppl    29.76
Epoch:   2 |  7000/39011 batches | lr 0.003087 | ms/batch 571.49 | loss  3.41 | ppl    30.19
Epoch:   2 |  7125/39011 batches | lr 0.003084 | ms/batch 557.56 | loss  3.34 | ppl    28.15
Epoch:   2 |  7250/39011 batches | lr 0.003082 | ms/batch 575.58 | loss  3.39 | ppl    29.63
Epoch:   2 |  7375/39011 batches | lr 0.003079 | ms/batch 590.06 | loss  3.35 | ppl    28.37
Epoch:   2 |  7500/39011 batches | lr 0.003077 | ms/batch 569.82 | loss  3.39 | ppl    29.57
Epoch:   2 |  7625/39011 batches | lr 0.003074 | ms/batch 571.08 | loss  3.35 | ppl    28.39
Epoch:   2 |  7750/39011 batches | lr 0.003071 | ms/batch 572.17 | loss  3.41 | ppl    30.23
Epoch:   2 |  7875/39011 batches | lr 0.003069 | ms/batch 570.23 | loss  3.38 | ppl    29.30
Epoch:   2 |  8000/39011 batches | lr 0.003066 | ms/batch 560.19 | loss  3.40 | ppl    29.96
Epoch:   2 |  8125/39011 batches | lr 0.003064 | ms/batch 557.10 | loss  3.38 | ppl    29.35
Epoch:   2 |  8250/39011 batches | lr 0.003061 | ms/batch 563.23 | loss  3.37 | ppl    29.16
Epoch:   2 |  8375/39011 batches | lr 0.003059 | ms/batch 559.56 | loss  3.36 | ppl    28.90
Epoch:   2 |  8500/39011 batches | lr 0.003056 | ms/batch 554.18 | loss  3.41 | ppl    30.28
Epoch:   2 |  8625/39011 batches | lr 0.003053 | ms/batch 547.47 | loss  3.39 | ppl    29.53
Epoch:   2 |  8750/39011 batches | lr 0.003051 | ms/batch 553.90 | loss  3.40 | ppl    29.83
Epoch:   2 |  8875/39011 batches | lr 0.003048 | ms/batch 556.39 | loss  3.41 | ppl    30.12
Epoch:   2 |  9000/39011 batches | lr 0.003046 | ms/batch 555.91 | loss  3.37 | ppl    29.14
Epoch:   2 |  9125/39011 batches | lr 0.003043 | ms/batch 566.47 | loss  3.35 | ppl    28.36
Epoch:   2 |  9250/39011 batches | lr 0.003041 | ms/batch 560.12 | loss  3.39 | ppl    29.61
Epoch:   2 |  9375/39011 batches | lr 0.003038 | ms/batch 565.30 | loss  3.36 | ppl    28.89
Epoch:   2 |  9500/39011 batches | lr 0.003036 | ms/batch 585.21 | loss  3.37 | ppl    29.11
Epoch:   2 |  9625/39011 batches | lr 0.003033 | ms/batch 576.98 | loss  3.41 | ppl    30.12
Epoch:   2 |  9750/39011 batches | lr 0.003030 | ms/batch 582.05 | loss  3.38 | ppl    29.35
Epoch:   2 |  9875/39011 batches | lr 0.003028 | ms/batch 568.07 | loss  3.40 | ppl    29.96
Epoch:   2 | 10000/39011 batches | lr 0.003025 | ms/batch 574.08 | loss  3.37 | ppl    29.16
Epoch:   2 | 10125/39011 batches | lr 0.003023 | ms/batch 584.10 | loss  3.36 | ppl    28.81
Epoch:   2 | 10250/39011 batches | lr 0.003020 | ms/batch 590.06 | loss  3.34 | ppl    28.35
Epoch:   2 | 10375/39011 batches | lr 0.003018 | ms/batch 583.46 | loss  3.33 | ppl    27.98
Epoch:   2 | 10500/39011 batches | lr 0.003015 | ms/batch 589.87 | loss  3.40 | ppl    30.08
Epoch:   2 | 10625/39011 batches | lr 0.003012 | ms/batch 576.01 | loss  3.40 | ppl    30.06
Epoch:   2 | 10750/39011 batches | lr 0.003010 | ms/batch 566.54 | loss  3.32 | ppl    27.54
Epoch:   2 | 10875/39011 batches | lr 0.003007 | ms/batch 558.91 | loss  3.38 | ppl    29.50
Epoch:   2 | 11000/39011 batches | lr 0.003005 | ms/batch 558.10 | loss  3.37 | ppl    29.02
Epoch:   2 | 11125/39011 batches | lr 0.003002 | ms/batch 560.68 | loss  3.34 | ppl    28.30
Epoch:   2 | 11250/39011 batches | lr 0.003000 | ms/batch 539.75 | loss  3.38 | ppl    29.46
Epoch:   2 | 11375/39011 batches | lr 0.002997 | ms/batch 542.98 | loss  3.37 | ppl    29.12
Epoch:   2 | 11500/39011 batches | lr 0.002994 | ms/batch 572.19 | loss  3.34 | ppl    28.20
Epoch:   2 | 11625/39011 batches | lr 0.002992 | ms/batch 539.55 | loss  3.39 | ppl    29.73
Epoch:   2 | 11750/39011 batches | lr 0.002989 | ms/batch 554.07 | loss  3.35 | ppl    28.40
Epoch:   2 | 11875/39011 batches | lr 0.002987 | ms/batch 570.52 | loss  3.36 | ppl    28.69
Epoch:   2 | 12000/39011 batches | lr 0.002984 | ms/batch 573.75 | loss  3.35 | ppl    28.61
Epoch:   2 | 12125/39011 batches | lr 0.002982 | ms/batch 570.64 | loss  3.35 | ppl    28.44
Epoch:   2 | 12250/39011 batches | lr 0.002979 | ms/batch 555.87 | loss  3.37 | ppl    29.03
Epoch:   2 | 12375/39011 batches | lr 0.002977 | ms/batch 574.13 | loss  3.38 | ppl    29.23
Epoch:   2 | 12500/39011 batches | lr 0.002974 | ms/batch 564.89 | loss  3.36 | ppl    28.74
Epoch:   2 | 12625/39011 batches | lr 0.002971 | ms/batch 576.92 | loss  3.34 | ppl    28.32
Epoch:   2 | 12750/39011 batches | lr 0.002969 | ms/batch 571.32 | loss  3.39 | ppl    29.64
Epoch:   2 | 12875/39011 batches | lr 0.002966 | ms/batch 573.90 | loss  3.35 | ppl    28.41
Epoch:   2 | 13000/39011 batches | lr 0.002964 | ms/batch 588.02 | loss  3.34 | ppl    28.23
Epoch:   2 | 13125/39011 batches | lr 0.002961 | ms/batch 569.49 | loss  3.36 | ppl    28.71
Epoch:   2 | 13250/39011 batches | lr 0.002959 | ms/batch 565.32 | loss  3.35 | ppl    28.43
Epoch:   2 | 13375/39011 batches | lr 0.002956 | ms/batch 573.47 | loss  3.40 | ppl    30.05
Epoch:   2 | 13500/39011 batches | lr 0.002953 | ms/batch 575.12 | loss  3.37 | ppl    29.06
Epoch:   2 | 13625/39011 batches | lr 0.002951 | ms/batch 551.14 | loss  3.32 | ppl    27.66
Epoch:   2 | 13750/39011 batches | lr 0.002948 | ms/batch 570.13 | loss  3.34 | ppl    28.13
Epoch:   2 | 13875/39011 batches | lr 0.002946 | ms/batch 596.30 | loss  3.35 | ppl    28.52
Epoch:   2 | 14000/39011 batches | lr 0.002943 | ms/batch 579.40 | loss  3.37 | ppl    29.01
Epoch:   2 | 14125/39011 batches | lr 0.002941 | ms/batch 572.35 | loss  3.31 | ppl    27.32
Epoch:   2 | 14250/39011 batches | lr 0.002938 | ms/batch 608.28 | loss  3.38 | ppl    29.26
Epoch:   2 | 14375/39011 batches | lr 0.002936 | ms/batch 596.54 | loss  3.34 | ppl    28.11
Epoch:   2 | 14500/39011 batches | lr 0.002933 | ms/batch 571.65 | loss  3.41 | ppl    30.41
Epoch:   2 | 14625/39011 batches | lr 0.002930 | ms/batch 571.23 | loss  3.39 | ppl    29.70
Epoch:   2 | 14750/39011 batches | lr 0.002928 | ms/batch 577.73 | loss  3.33 | ppl    27.91
Epoch:   2 | 14875/39011 batches | lr 0.002925 | ms/batch 561.70 | loss  3.38 | ppl    29.50
Epoch:   2 | 15000/39011 batches | lr 0.002923 | ms/batch 568.84 | loss  3.33 | ppl    27.94
Epoch:   2 | 15125/39011 batches | lr 0.002920 | ms/batch 560.39 | loss  3.34 | ppl    28.21
Epoch:   2 | 15250/39011 batches | lr 0.002918 | ms/batch 556.11 | loss  3.33 | ppl    27.82
Epoch:   2 | 15375/39011 batches | lr 0.002915 | ms/batch 563.09 | loss  3.37 | ppl    29.09
Epoch:   2 | 15500/39011 batches | lr 0.002912 | ms/batch 578.76 | loss  3.35 | ppl    28.59
Epoch:   2 | 15625/39011 batches | lr 0.002910 | ms/batch 573.45 | loss  3.34 | ppl    28.36
Epoch:   2 | 15750/39011 batches | lr 0.002907 | ms/batch 571.44 | loss  3.32 | ppl    27.67
Epoch:   2 | 15875/39011 batches | lr 0.002905 | ms/batch 548.52 | loss  3.34 | ppl    28.20
Epoch:   2 | 16000/39011 batches | lr 0.002902 | ms/batch 560.19 | loss  3.35 | ppl    28.39
Epoch:   2 | 16125/39011 batches | lr 0.002900 | ms/batch 560.23 | loss  3.32 | ppl    27.71
Epoch:   2 | 16250/39011 batches | lr 0.002897 | ms/batch 559.43 | loss  3.34 | ppl    28.24
Epoch:   2 | 16375/39011 batches | lr 0.002895 | ms/batch 572.60 | loss  3.34 | ppl    28.18
Epoch:   2 | 16500/39011 batches | lr 0.002892 | ms/batch 536.00 | loss  3.37 | ppl    29.03
Epoch:   2 | 16625/39011 batches | lr 0.002889 | ms/batch 561.28 | loss  3.32 | ppl    27.55
Epoch:   2 | 16750/39011 batches | lr 0.002887 | ms/batch 560.40 | loss  3.39 | ppl    29.68
Epoch:   2 | 16875/39011 batches | lr 0.002884 | ms/batch 560.20 | loss  3.35 | ppl    28.42
Epoch:   2 | 17000/39011 batches | lr 0.002882 | ms/batch 558.88 | loss  3.33 | ppl    27.84
Epoch:   2 | 17125/39011 batches | lr 0.002879 | ms/batch 560.26 | loss  3.35 | ppl    28.37
Epoch:   2 | 17250/39011 batches | lr 0.002877 | ms/batch 559.87 | loss  3.37 | ppl    29.05
Epoch:   2 | 17375/39011 batches | lr 0.002874 | ms/batch 558.65 | loss  3.34 | ppl    28.28
Epoch:   2 | 17500/39011 batches | lr 0.002871 | ms/batch 556.67 | loss  3.35 | ppl    28.50
Epoch:   2 | 17625/39011 batches | lr 0.002869 | ms/batch 570.01 | loss  3.37 | ppl    29.05
Epoch:   2 | 17750/39011 batches | lr 0.002866 | ms/batch 575.29 | loss  3.36 | ppl    28.67
Epoch:   2 | 17875/39011 batches | lr 0.002864 | ms/batch 559.48 | loss  3.30 | ppl    27.19
Epoch:   2 | 18000/39011 batches | lr 0.002861 | ms/batch 564.70 | loss  3.36 | ppl    28.65
Epoch:   2 | 18125/39011 batches | lr 0.002859 | ms/batch 562.10 | loss  3.37 | ppl    29.06
Epoch:   2 | 18250/39011 batches | lr 0.002856 | ms/batch 555.29 | loss  3.32 | ppl    27.57
Epoch:   2 | 18375/39011 batches | lr 0.002854 | ms/batch 569.30 | loss  3.37 | ppl    28.94
Epoch:   2 | 18500/39011 batches | lr 0.002851 | ms/batch 564.01 | loss  3.35 | ppl    28.63
Epoch:   2 | 18625/39011 batches | lr 0.002848 | ms/batch 565.42 | loss  3.39 | ppl    29.63
Epoch:   2 | 18750/39011 batches | lr 0.002846 | ms/batch 585.04 | loss  3.37 | ppl    29.11
Epoch:   2 | 18875/39011 batches | lr 0.002843 | ms/batch 581.52 | loss  3.35 | ppl    28.51
Epoch:   2 | 19000/39011 batches | lr 0.002841 | ms/batch 542.64 | loss  3.36 | ppl    28.66
Epoch:   2 | 19125/39011 batches | lr 0.002838 | ms/batch 585.02 | loss  3.32 | ppl    27.75
Epoch:   2 | 19250/39011 batches | lr 0.002836 | ms/batch 559.87 | loss  3.33 | ppl    27.83
Epoch:   2 | 19375/39011 batches | lr 0.002833 | ms/batch 579.76 | loss  3.35 | ppl    28.60
Epoch:   2 | 19500/39011 batches | lr 0.002830 | ms/batch 537.65 | loss  3.34 | ppl    28.08
Epoch:   2 | 19625/39011 batches | lr 0.002828 | ms/batch 554.22 | loss  3.36 | ppl    28.84
Epoch:   2 | 19750/39011 batches | lr 0.002825 | ms/batch 591.70 | loss  3.41 | ppl    30.37
Epoch:   2 | 19875/39011 batches | lr 0.002823 | ms/batch 568.25 | loss  3.33 | ppl    27.87
Epoch:   2 | 20000/39011 batches | lr 0.002820 | ms/batch 556.59 | loss  3.34 | ppl    28.13
Epoch:   2 | 20125/39011 batches | lr 0.002818 | ms/batch 570.20 | loss  3.33 | ppl    27.88
Epoch:   2 | 20250/39011 batches | lr 0.002815 | ms/batch 566.18 | loss  3.32 | ppl    27.72
Epoch:   2 | 20375/39011 batches | lr 0.002812 | ms/batch 563.05 | loss  3.29 | ppl    26.79
Epoch:   2 | 20500/39011 batches | lr 0.002810 | ms/batch 544.92 | loss  3.32 | ppl    27.73
Epoch:   2 | 20625/39011 batches | lr 0.002807 | ms/batch 570.50 | loss  3.39 | ppl    29.60
Epoch:   2 | 20750/39011 batches | lr 0.002805 | ms/batch 584.52 | loss  3.35 | ppl    28.51
Epoch:   2 | 20875/39011 batches | lr 0.002802 | ms/batch 577.49 | loss  3.34 | ppl    28.34
Epoch:   2 | 21000/39011 batches | lr 0.002800 | ms/batch 581.43 | loss  3.31 | ppl    27.26
Epoch:   2 | 21125/39011 batches | lr 0.002797 | ms/batch 564.43 | loss  3.32 | ppl    27.63
Epoch:   2 | 21250/39011 batches | lr 0.002795 | ms/batch 579.41 | loss  3.33 | ppl    28.02
Epoch:   2 | 21375/39011 batches | lr 0.002792 | ms/batch 587.70 | loss  3.31 | ppl    27.39
Epoch:   2 | 21500/39011 batches | lr 0.002789 | ms/batch 588.73 | loss  3.38 | ppl    29.39
Epoch:   2 | 21625/39011 batches | lr 0.002787 | ms/batch 591.29 | loss  3.36 | ppl    28.82
Epoch:   2 | 21750/39011 batches | lr 0.002784 | ms/batch 567.08 | loss  3.33 | ppl    28.05
Epoch:   2 | 21875/39011 batches | lr 0.002782 | ms/batch 567.64 | loss  3.37 | ppl    29.16
Epoch:   2 | 22000/39011 batches | lr 0.002779 | ms/batch 559.76 | loss  3.34 | ppl    28.21
Epoch:   2 | 22125/39011 batches | lr 0.002777 | ms/batch 555.80 | loss  3.30 | ppl    27.15
Epoch:   2 | 22250/39011 batches | lr 0.002774 | ms/batch 568.14 | loss  3.31 | ppl    27.40
Epoch:   2 | 22375/39011 batches | lr 0.002771 | ms/batch 567.41 | loss  3.31 | ppl    27.40
Epoch:   2 | 22500/39011 batches | lr 0.002769 | ms/batch 560.12 | loss  3.33 | ppl    28.06
Epoch:   2 | 22625/39011 batches | lr 0.002766 | ms/batch 561.84 | loss  3.32 | ppl    27.79
Epoch:   2 | 22750/39011 batches | lr 0.002764 | ms/batch 563.67 | loss  3.30 | ppl    27.00
Epoch:   2 | 22875/39011 batches | lr 0.002761 | ms/batch 576.45 | loss  3.30 | ppl    27.04
Epoch:   2 | 23000/39011 batches | lr 0.002759 | ms/batch 572.75 | loss  3.31 | ppl    27.47
Epoch:   2 | 23125/39011 batches | lr 0.002756 | ms/batch 579.44 | loss  3.28 | ppl    26.59
Epoch:   2 | 23250/39011 batches | lr 0.002754 | ms/batch 588.63 | loss  3.32 | ppl    27.57
Epoch:   2 | 23375/39011 batches | lr 0.002751 | ms/batch 593.76 | loss  3.32 | ppl    27.77
Epoch:   2 | 23500/39011 batches | lr 0.002748 | ms/batch 560.27 | loss  3.33 | ppl    28.06
Epoch:   2 | 23625/39011 batches | lr 0.002746 | ms/batch 569.38 | loss  3.36 | ppl    28.89
Epoch:   2 | 23750/39011 batches | lr 0.002743 | ms/batch 574.76 | loss  3.38 | ppl    29.50
Epoch:   2 | 23875/39011 batches | lr 0.002741 | ms/batch 590.16 | loss  3.34 | ppl    28.14
Epoch:   2 | 24000/39011 batches | lr 0.002738 | ms/batch 593.62 | loss  3.34 | ppl    28.10
Epoch:   2 | 24125/39011 batches | lr 0.002736 | ms/batch 581.72 | loss  3.31 | ppl    27.42
Epoch:   2 | 24250/39011 batches | lr 0.002733 | ms/batch 578.14 | loss  3.28 | ppl    26.63
Epoch:   2 | 24375/39011 batches | lr 0.002730 | ms/batch 562.83 | loss  3.30 | ppl    27.04
Epoch:   2 | 24500/39011 batches | lr 0.002728 | ms/batch 566.41 | loss  3.32 | ppl    27.78
Epoch:   2 | 24625/39011 batches | lr 0.002725 | ms/batch 578.02 | loss  3.36 | ppl    28.76
Epoch:   2 | 24750/39011 batches | lr 0.002723 | ms/batch 575.71 | loss  3.34 | ppl    28.29
Epoch:   2 | 24875/39011 batches | lr 0.002720 | ms/batch 579.05 | loss  3.33 | ppl    28.07
Epoch:   2 | 25000/39011 batches | lr 0.002718 | ms/batch 579.22 | loss  3.29 | ppl    26.91
Epoch:   2 | 25125/39011 batches | lr 0.002715 | ms/batch 566.03 | loss  3.35 | ppl    28.52
Epoch:   2 | 25250/39011 batches | lr 0.002713 | ms/batch 566.48 | loss  3.33 | ppl    27.87
Epoch:   2 | 25375/39011 batches | lr 0.002710 | ms/batch 558.59 | loss  3.31 | ppl    27.45
Epoch:   2 | 25500/39011 batches | lr 0.002707 | ms/batch 562.41 | loss  3.33 | ppl    27.92
Epoch:   2 | 25625/39011 batches | lr 0.002705 | ms/batch 572.33 | loss  3.31 | ppl    27.46
Epoch:   2 | 25750/39011 batches | lr 0.002702 | ms/batch 565.90 | loss  3.35 | ppl    28.38
Epoch:   2 | 25875/39011 batches | lr 0.002700 | ms/batch 591.32 | loss  3.35 | ppl    28.54
Epoch:   2 | 26000/39011 batches | lr 0.002697 | ms/batch 585.20 | loss  3.31 | ppl    27.38
Epoch:   2 | 26125/39011 batches | lr 0.002695 | ms/batch 573.79 | loss  3.32 | ppl    27.57
Epoch:   2 | 26250/39011 batches | lr 0.002692 | ms/batch 578.10 | loss  3.37 | ppl    28.94
Epoch:   2 | 26375/39011 batches | lr 0.002689 | ms/batch 568.15 | loss  3.34 | ppl    28.17
Epoch:   2 | 26500/39011 batches | lr 0.002687 | ms/batch 575.17 | loss  3.33 | ppl    28.03
Epoch:   2 | 26625/39011 batches | lr 0.002684 | ms/batch 565.91 | loss  3.32 | ppl    27.74
Epoch:   2 | 26750/39011 batches | lr 0.002682 | ms/batch 555.70 | loss  3.35 | ppl    28.42
Epoch:   2 | 26875/39011 batches | lr 0.002679 | ms/batch 564.68 | loss  3.35 | ppl    28.55
Epoch:   2 | 27000/39011 batches | lr 0.002677 | ms/batch 568.06 | loss  3.32 | ppl    27.68
Epoch:   2 | 27125/39011 batches | lr 0.002674 | ms/batch 572.69 | loss  3.30 | ppl    27.18
Epoch:   2 | 27250/39011 batches | lr 0.002672 | ms/batch 554.98 | loss  3.31 | ppl    27.52
Epoch:   2 | 27375/39011 batches | lr 0.002669 | ms/batch 566.06 | loss  3.30 | ppl    27.13
Epoch:   2 | 27500/39011 batches | lr 0.002666 | ms/batch 573.77 | loss  3.29 | ppl    26.75
Epoch:   2 | 27625/39011 batches | lr 0.002664 | ms/batch 558.94 | loss  3.36 | ppl    28.78
Epoch:   2 | 27750/39011 batches | lr 0.002661 | ms/batch 561.51 | loss  3.31 | ppl    27.30
Epoch:   2 | 27875/39011 batches | lr 0.002659 | ms/batch 562.78 | loss  3.34 | ppl    28.16
Epoch:   2 | 28000/39011 batches | lr 0.002656 | ms/batch 602.21 | loss  3.33 | ppl    27.93
Epoch:   2 | 28125/39011 batches | lr 0.002654 | ms/batch 584.08 | loss  3.36 | ppl    28.85
Epoch:   2 | 28250/39011 batches | lr 0.002651 | ms/batch 576.54 | loss  3.31 | ppl    27.44
Epoch:   2 | 28375/39011 batches | lr 0.002648 | ms/batch 578.52 | loss  3.34 | ppl    28.23
Epoch:   2 | 28500/39011 batches | lr 0.002646 | ms/batch 572.98 | loss  3.34 | ppl    28.15
Epoch:   2 | 28625/39011 batches | lr 0.002643 | ms/batch 582.07 | loss  3.32 | ppl    27.58
Epoch:   2 | 28750/39011 batches | lr 0.002641 | ms/batch 525.27 | loss  3.32 | ppl    27.75
Epoch:   2 | 28875/39011 batches | lr 0.002638 | ms/batch 567.76 | loss  3.34 | ppl    28.09
Epoch:   2 | 29000/39011 batches | lr 0.002636 | ms/batch 570.59 | loss  3.27 | ppl    26.30
Epoch:   2 | 29125/39011 batches | lr 0.002633 | ms/batch 558.29 | loss  3.31 | ppl    27.38
Epoch:   2 | 29250/39011 batches | lr 0.002630 | ms/batch 568.89 | loss  3.31 | ppl    27.48
Epoch:   2 | 29375/39011 batches | lr 0.002628 | ms/batch 561.56 | loss  3.31 | ppl    27.33
Epoch:   2 | 29500/39011 batches | lr 0.002625 | ms/batch 559.10 | loss  3.32 | ppl    27.80
Epoch:   2 | 29625/39011 batches | lr 0.002623 | ms/batch 566.26 | loss  3.34 | ppl    28.32
Epoch:   2 | 29750/39011 batches | lr 0.002620 | ms/batch 569.57 | loss  3.33 | ppl    27.98
Epoch:   2 | 29875/39011 batches | lr 0.002618 | ms/batch 562.72 | loss  3.30 | ppl    27.01
Epoch:   2 | 30000/39011 batches | lr 0.002615 | ms/batch 548.41 | loss  3.30 | ppl    27.07
Epoch:   2 | 30125/39011 batches | lr 0.002613 | ms/batch 532.66 | loss  3.29 | ppl    26.84
Epoch:   2 | 30250/39011 batches | lr 0.002610 | ms/batch 560.04 | loss  3.33 | ppl    27.80
Epoch:   2 | 30375/39011 batches | lr 0.002607 | ms/batch 565.56 | loss  3.27 | ppl    26.26
Epoch:   2 | 30500/39011 batches | lr 0.002605 | ms/batch 566.38 | loss  3.32 | ppl    27.63
Epoch:   2 | 30625/39011 batches | lr 0.002602 | ms/batch 565.02 | loss  3.33 | ppl    27.90
Epoch:   2 | 30750/39011 batches | lr 0.002600 | ms/batch 557.72 | loss  3.34 | ppl    28.19
Epoch:   2 | 30875/39011 batches | lr 0.002597 | ms/batch 567.45 | loss  3.33 | ppl    27.88
Epoch:   2 | 31000/39011 batches | lr 0.002595 | ms/batch 566.22 | loss  3.33 | ppl    28.04
Epoch:   2 | 31125/39011 batches | lr 0.002592 | ms/batch 566.37 | loss  3.33 | ppl    27.86
Epoch:   2 | 31250/39011 batches | lr 0.002589 | ms/batch 566.22 | loss  3.29 | ppl    26.72
Epoch:   2 | 31375/39011 batches | lr 0.002587 | ms/batch 566.81 | loss  3.34 | ppl    28.32
Epoch:   2 | 31500/39011 batches | lr 0.002584 | ms/batch 567.58 | loss  3.30 | ppl    27.07
Epoch:   2 | 31625/39011 batches | lr 0.002582 | ms/batch 567.38 | loss  3.36 | ppl    28.76
Epoch:   2 | 31750/39011 batches | lr 0.002579 | ms/batch 567.02 | loss  3.31 | ppl    27.34
Epoch:   2 | 31875/39011 batches | lr 0.002577 | ms/batch 566.08 | loss  3.31 | ppl    27.38
Epoch:   2 | 32000/39011 batches | lr 0.002574 | ms/batch 567.14 | loss  3.29 | ppl    26.92
Epoch:   2 | 32125/39011 batches | lr 0.002572 | ms/batch 563.53 | loss  3.30 | ppl    27.06
Epoch:   2 | 32250/39011 batches | lr 0.002569 | ms/batch 544.80 | loss  3.23 | ppl    25.37
Epoch:   2 | 32375/39011 batches | lr 0.002566 | ms/batch 544.54 | loss  3.30 | ppl    27.15
Epoch:   2 | 32500/39011 batches | lr 0.002564 | ms/batch 544.40 | loss  3.32 | ppl    27.54
Epoch:   2 | 32625/39011 batches | lr 0.002561 | ms/batch 554.69 | loss  3.34 | ppl    28.26
Epoch:   2 | 32750/39011 batches | lr 0.002559 | ms/batch 564.97 | loss  3.30 | ppl    27.19
Epoch:   2 | 32875/39011 batches | lr 0.002556 | ms/batch 563.15 | loss  3.31 | ppl    27.32
Epoch:   2 | 33000/39011 batches | lr 0.002554 | ms/batch 582.36 | loss  3.31 | ppl    27.42
Epoch:   2 | 33125/39011 batches | lr 0.002551 | ms/batch 584.72 | loss  3.32 | ppl    27.57
Epoch:   2 | 33250/39011 batches | lr 0.002548 | ms/batch 584.60 | loss  3.27 | ppl    26.25
Epoch:   2 | 33375/39011 batches | lr 0.002546 | ms/batch 559.45 | loss  3.31 | ppl    27.45
Epoch:   2 | 33500/39011 batches | lr 0.002543 | ms/batch 576.21 | loss  3.27 | ppl    26.33
Epoch:   2 | 33625/39011 batches | lr 0.002541 | ms/batch 555.92 | loss  3.31 | ppl    27.30
Epoch:   2 | 33750/39011 batches | lr 0.002538 | ms/batch 576.24 | loss  3.33 | ppl    27.84
Epoch:   2 | 33875/39011 batches | lr 0.002536 | ms/batch 580.32 | loss  3.35 | ppl    28.61
Epoch:   2 | 34000/39011 batches | lr 0.002533 | ms/batch 554.89 | loss  3.31 | ppl    27.32
Epoch:   2 | 34125/39011 batches | lr 0.002531 | ms/batch 567.56 | loss  3.28 | ppl    26.55
Epoch:   2 | 34250/39011 batches | lr 0.002528 | ms/batch 579.88 | loss  3.27 | ppl    26.43
Epoch:   2 | 34375/39011 batches | lr 0.002525 | ms/batch 589.06 | loss  3.31 | ppl    27.34
Epoch:   2 | 34500/39011 batches | lr 0.002523 | ms/batch 564.63 | loss  3.34 | ppl    28.14
Epoch:   2 | 34625/39011 batches | lr 0.002520 | ms/batch 561.42 | loss  3.34 | ppl    28.27
Epoch:   2 | 34750/39011 batches | lr 0.002518 | ms/batch 559.90 | loss  3.32 | ppl    27.57
Epoch:   2 | 34875/39011 batches | lr 0.002515 | ms/batch 522.62 | loss  3.35 | ppl    28.53
Epoch:   2 | 35000/39011 batches | lr 0.002513 | ms/batch 562.09 | loss  3.30 | ppl    27.08
Epoch:   2 | 35125/39011 batches | lr 0.002510 | ms/batch 553.05 | loss  3.30 | ppl    27.21
Epoch:   2 | 35250/39011 batches | lr 0.002507 | ms/batch 575.00 | loss  3.28 | ppl    26.66
Epoch:   2 | 35375/39011 batches | lr 0.002505 | ms/batch 569.54 | loss  3.28 | ppl    26.67
Epoch:   2 | 35500/39011 batches | lr 0.002502 | ms/batch 566.46 | loss  3.30 | ppl    27.20
Epoch:   2 | 35625/39011 batches | lr 0.002500 | ms/batch 569.39 | loss  3.35 | ppl    28.45
Epoch:   2 | 35750/39011 batches | lr 0.002497 | ms/batch 576.62 | loss  3.33 | ppl    27.90
Epoch:   2 | 35875/39011 batches | lr 0.002495 | ms/batch 577.83 | loss  3.30 | ppl    27.18
Epoch:   2 | 36000/39011 batches | lr 0.002492 | ms/batch 567.33 | loss  3.30 | ppl    27.04
Epoch:   2 | 36125/39011 batches | lr 0.002490 | ms/batch 559.90 | loss  3.30 | ppl    27.23
Epoch:   2 | 36250/39011 batches | lr 0.002487 | ms/batch 588.46 | loss  3.32 | ppl    27.71
Epoch:   2 | 36375/39011 batches | lr 0.002484 | ms/batch 551.87 | loss  3.35 | ppl    28.45
Epoch:   2 | 36500/39011 batches | lr 0.002482 | ms/batch 554.25 | loss  3.30 | ppl    26.99
Epoch:   2 | 36625/39011 batches | lr 0.002479 | ms/batch 571.36 | loss  3.35 | ppl    28.52
Epoch:   2 | 36750/39011 batches | lr 0.002477 | ms/batch 576.67 | loss  3.33 | ppl    28.05
Epoch:   2 | 36875/39011 batches | lr 0.002474 | ms/batch 578.39 | loss  3.30 | ppl    27.03
Epoch:   2 | 37000/39011 batches | lr 0.002472 | ms/batch 555.73 | loss  3.30 | ppl    27.02
Epoch:   2 | 37125/39011 batches | lr 0.002469 | ms/batch 556.84 | loss  3.28 | ppl    26.57
Epoch:   2 | 37250/39011 batches | lr 0.002466 | ms/batch 581.53 | loss  3.35 | ppl    28.43
Epoch:   2 | 37375/39011 batches | lr 0.002464 | ms/batch 582.22 | loss  3.31 | ppl    27.30
Epoch:   2 | 37500/39011 batches | lr 0.002461 | ms/batch 551.50 | loss  3.31 | ppl    27.33
-----------------------------------------------------------------------------------------
Test:   2 | time: 21607.36s | valid loss  3.84 | valid ppl    46.46
-----------------------------------------------------------------------------------------
Epoch:   3 |     0/39011 batches | lr 0.002461 | ms/batch  5.33 | loss  3.75 | ppl    42.33
Epoch:   3 |   125/39011 batches | lr 0.002458 | ms/batch 550.31 | loss  3.31 | ppl    27.41
Epoch:   3 |   250/39011 batches | lr 0.002456 | ms/batch 558.93 | loss  3.29 | ppl    26.72
Epoch:   3 |   375/39011 batches | lr 0.002453 | ms/batch 544.84 | loss  3.29 | ppl    26.73
Epoch:   3 |   500/39011 batches | lr 0.002450 | ms/batch 575.05 | loss  3.34 | ppl    28.29
Epoch:   3 |   625/39011 batches | lr 0.002448 | ms/batch 560.17 | loss  3.27 | ppl    26.21
Epoch:   3 |   750/39011 batches | lr 0.002445 | ms/batch 576.12 | loss  3.26 | ppl    26.16
Epoch:   3 |   875/39011 batches | lr 0.002443 | ms/batch 576.26 | loss  3.28 | ppl    26.59
Epoch:   3 |  1000/39011 batches | lr 0.002440 | ms/batch 550.17 | loss  3.33 | ppl    27.83
Epoch:   3 |  1125/39011 batches | lr 0.002438 | ms/batch 562.24 | loss  3.35 | ppl    28.52
Epoch:   3 |  1250/39011 batches | lr 0.002435 | ms/batch 563.51 | loss  3.36 | ppl    28.76
Epoch:   3 |  1375/39011 batches | lr 0.002432 | ms/batch 559.34 | loss  3.29 | ppl    26.88
Epoch:   3 |  1500/39011 batches | lr 0.002430 | ms/batch 547.80 | loss  3.31 | ppl    27.34
Epoch:   3 |  1625/39011 batches | lr 0.002427 | ms/batch 576.20 | loss  3.31 | ppl    27.47
Epoch:   3 |  1750/39011 batches | lr 0.002425 | ms/batch 562.97 | loss  3.28 | ppl    26.64
Epoch:   3 |  1875/39011 batches | lr 0.002422 | ms/batch 564.14 | loss  3.31 | ppl    27.29
Epoch:   3 |  2000/39011 batches | lr 0.002420 | ms/batch 561.90 | loss  3.30 | ppl    27.03
Epoch:   3 |  2125/39011 batches | lr 0.002417 | ms/batch 568.50 | loss  3.32 | ppl    27.66
Epoch:   3 |  2250/39011 batches | lr 0.002415 | ms/batch 570.93 | loss  3.32 | ppl    27.56
Epoch:   3 |  2375/39011 batches | lr 0.002412 | ms/batch 591.39 | loss  3.31 | ppl    27.50
Epoch:   3 |  2500/39011 batches | lr 0.002409 | ms/batch 581.13 | loss  3.32 | ppl    27.55
Epoch:   3 |  2625/39011 batches | lr 0.002407 | ms/batch 570.82 | loss  3.29 | ppl    26.72
Epoch:   3 |  2750/39011 batches | lr 0.002404 | ms/batch 569.10 | loss  3.29 | ppl    26.92
Epoch:   3 |  2875/39011 batches | lr 0.002402 | ms/batch 560.22 | loss  3.31 | ppl    27.42
Epoch:   3 |  3000/39011 batches | lr 0.002399 | ms/batch 559.31 | loss  3.29 | ppl    26.91
Epoch:   3 |  3125/39011 batches | lr 0.002397 | ms/batch 563.54 | loss  3.28 | ppl    26.60
Epoch:   3 |  3250/39011 batches | lr 0.002394 | ms/batch 571.22 | loss  3.27 | ppl    26.30
Epoch:   3 |  3375/39011 batches | lr 0.002391 | ms/batch 560.78 | loss  3.27 | ppl    26.41
Epoch:   3 |  3500/39011 batches | lr 0.002389 | ms/batch 571.64 | loss  3.29 | ppl    26.97
Epoch:   3 |  3625/39011 batches | lr 0.002386 | ms/batch 547.02 | loss  3.26 | ppl    25.98
Epoch:   3 |  3750/39011 batches | lr 0.002384 | ms/batch 562.03 | loss  3.31 | ppl    27.30
Epoch:   3 |  3875/39011 batches | lr 0.002381 | ms/batch 568.13 | loss  3.31 | ppl    27.35
Epoch:   3 |  4000/39011 batches | lr 0.002379 | ms/batch 557.54 | loss  3.31 | ppl    27.51
Epoch:   3 |  4125/39011 batches | lr 0.002376 | ms/batch 579.55 | loss  3.33 | ppl    28.03
Epoch:   3 |  4250/39011 batches | lr 0.002374 | ms/batch 583.30 | loss  3.30 | ppl    27.02
Epoch:   3 |  4375/39011 batches | lr 0.002371 | ms/batch 585.46 | loss  3.30 | ppl    27.22
Epoch:   3 |  4500/39011 batches | lr 0.002368 | ms/batch 560.34 | loss  3.33 | ppl    27.83
Epoch:   3 |  4625/39011 batches | lr 0.002366 | ms/batch 582.50 | loss  3.32 | ppl    27.74
Epoch:   3 |  4750/39011 batches | lr 0.002363 | ms/batch 570.96 | loss  3.31 | ppl    27.37
Epoch:   3 |  4875/39011 batches | lr 0.002361 | ms/batch 565.47 | loss  3.32 | ppl    27.73
Epoch:   3 |  5000/39011 batches | lr 0.002358 | ms/batch 570.69 | loss  3.27 | ppl    26.36
Epoch:   3 |  5125/39011 batches | lr 0.002356 | ms/batch 578.81 | loss  3.30 | ppl    27.14
Epoch:   3 |  5250/39011 batches | lr 0.002353 | ms/batch 588.93 | loss  3.28 | ppl    26.64
Epoch:   3 |  5375/39011 batches | lr 0.002350 | ms/batch 575.63 | loss  3.33 | ppl    27.90
Epoch:   3 |  5500/39011 batches | lr 0.002348 | ms/batch 568.72 | loss  3.27 | ppl    26.34
Epoch:   3 |  5625/39011 batches | lr 0.002345 | ms/batch 561.40 | loss  3.28 | ppl    26.54
Epoch:   3 |  5750/39011 batches | lr 0.002343 | ms/batch 574.36 | loss  3.28 | ppl    26.51
Epoch:   3 |  5875/39011 batches | lr 0.002340 | ms/batch 560.04 | loss  3.29 | ppl    26.78
Epoch:   3 |  6000/39011 batches | lr 0.002338 | ms/batch 571.88 | loss  3.30 | ppl    27.25
Epoch:   3 |  6125/39011 batches | lr 0.002335 | ms/batch 563.78 | loss  3.28 | ppl    26.58
Epoch:   3 |  6250/39011 batches | lr 0.002333 | ms/batch 557.75 | loss  3.33 | ppl    27.88
Epoch:   3 |  6375/39011 batches | lr 0.002330 | ms/batch 550.36 | loss  3.30 | ppl    27.11
Epoch:   3 |  6500/39011 batches | lr 0.002327 | ms/batch 571.74 | loss  3.30 | ppl    27.15
Epoch:   3 |  6625/39011 batches | lr 0.002325 | ms/batch 562.45 | loss  3.30 | ppl    27.04
Epoch:   3 |  6750/39011 batches | lr 0.002322 | ms/batch 569.43 | loss  3.22 | ppl    24.96
Epoch:   3 |  6875/39011 batches | lr 0.002320 | ms/batch 568.49 | loss  3.28 | ppl    26.68
Epoch:   3 |  7000/39011 batches | lr 0.002317 | ms/batch 559.02 | loss  3.32 | ppl    27.66
Epoch:   3 |  7125/39011 batches | lr 0.002315 | ms/batch 584.37 | loss  3.24 | ppl    25.49
Epoch:   3 |  7250/39011 batches | lr 0.002312 | ms/batch 580.76 | loss  3.31 | ppl    27.35
Epoch:   3 |  7375/39011 batches | lr 0.002309 | ms/batch 541.44 | loss  3.25 | ppl    25.73
Epoch:   3 |  7500/39011 batches | lr 0.002307 | ms/batch 577.48 | loss  3.27 | ppl    26.28
Epoch:   3 |  7625/39011 batches | lr 0.002304 | ms/batch 586.45 | loss  3.23 | ppl    25.38
Epoch:   3 |  7750/39011 batches | lr 0.002302 | ms/batch 582.58 | loss  3.30 | ppl    27.11
Epoch:   3 |  7875/39011 batches | lr 0.002299 | ms/batch 581.63 | loss  3.25 | ppl    25.91
Epoch:   3 |  8000/39011 batches | lr 0.002297 | ms/batch 571.12 | loss  3.31 | ppl    27.43
Epoch:   3 |  8125/39011 batches | lr 0.002294 | ms/batch 571.53 | loss  3.29 | ppl    26.84
Epoch:   3 |  8250/39011 batches | lr 0.002291 | ms/batch 570.59 | loss  3.30 | ppl    27.01
Epoch:   3 |  8375/39011 batches | lr 0.002289 | ms/batch 578.94 | loss  3.28 | ppl    26.59
Epoch:   3 |  8500/39011 batches | lr 0.002286 | ms/batch 563.77 | loss  3.30 | ppl    27.11
Epoch:   3 |  8625/39011 batches | lr 0.002284 | ms/batch 566.67 | loss  3.28 | ppl    26.55
Epoch:   3 |  8750/39011 batches | lr 0.002281 | ms/batch 572.18 | loss  3.29 | ppl    26.85
Epoch:   3 |  8875/39011 batches | lr 0.002279 | ms/batch 568.54 | loss  3.30 | ppl    27.10
Epoch:   3 |  9000/39011 batches | lr 0.002276 | ms/batch 564.80 | loss  3.29 | ppl    26.75
Epoch:   3 |  9125/39011 batches | lr 0.002274 | ms/batch 560.20 | loss  3.26 | ppl    26.02
Epoch:   3 |  9250/39011 batches | lr 0.002271 | ms/batch 586.60 | loss  3.30 | ppl    27.19
Epoch:   3 |  9375/39011 batches | lr 0.002268 | ms/batch 550.28 | loss  3.27 | ppl    26.35
Epoch:   3 |  9500/39011 batches | lr 0.002266 | ms/batch 571.25 | loss  3.27 | ppl    26.19
Epoch:   3 |  9625/39011 batches | lr 0.002263 | ms/batch 558.57 | loss  3.29 | ppl    26.81
Epoch:   3 |  9750/39011 batches | lr 0.002261 | ms/batch 589.21 | loss  3.27 | ppl    26.27
Epoch:   3 |  9875/39011 batches | lr 0.002258 | ms/batch 567.06 | loss  3.29 | ppl    26.86
Epoch:   3 | 10000/39011 batches | lr 0.002256 | ms/batch 585.97 | loss  3.29 | ppl    26.77
Epoch:   3 | 10125/39011 batches | lr 0.002253 | ms/batch 584.64 | loss  3.29 | ppl    26.76
Epoch:   3 | 10250/39011 batches | lr 0.002250 | ms/batch 575.76 | loss  3.25 | ppl    25.80
Epoch:   3 | 10375/39011 batches | lr 0.002248 | ms/batch 565.36 | loss  3.24 | ppl    25.53
Epoch:   3 | 10500/39011 batches | lr 0.002245 | ms/batch 587.72 | loss  3.28 | ppl    26.70
Epoch:   3 | 10625/39011 batches | lr 0.002243 | ms/batch 566.27 | loss  3.30 | ppl    27.05
Epoch:   3 | 10750/39011 batches | lr 0.002240 | ms/batch 551.29 | loss  3.21 | ppl    24.79
Epoch:   3 | 10875/39011 batches | lr 0.002238 | ms/batch 553.85 | loss  3.28 | ppl    26.45
Epoch:   3 | 11000/39011 batches | lr 0.002235 | ms/batch 554.30 | loss  3.28 | ppl    26.49
Epoch:   3 | 11125/39011 batches | lr 0.002233 | ms/batch 566.28 | loss  3.26 | ppl    26.14
Epoch:   3 | 11250/39011 batches | lr 0.002230 | ms/batch 587.01 | loss  3.29 | ppl    26.83
Epoch:   3 | 11375/39011 batches | lr 0.002227 | ms/batch 575.81 | loss  3.28 | ppl    26.71
Epoch:   3 | 11500/39011 batches | lr 0.002225 | ms/batch 586.59 | loss  3.22 | ppl    25.07
Epoch:   3 | 11625/39011 batches | lr 0.002222 | ms/batch 585.88 | loss  3.29 | ppl    26.78
Epoch:   3 | 11750/39011 batches | lr 0.002220 | ms/batch 566.62 | loss  3.24 | ppl    25.54
Epoch:   3 | 11875/39011 batches | lr 0.002217 | ms/batch 559.98 | loss  3.26 | ppl    25.98
Epoch:   3 | 12000/39011 batches | lr 0.002215 | ms/batch 571.15 | loss  3.27 | ppl    26.38
Epoch:   3 | 12125/39011 batches | lr 0.002212 | ms/batch 568.78 | loss  3.26 | ppl    26.16
Epoch:   3 | 12250/39011 batches | lr 0.002209 | ms/batch 561.44 | loss  3.29 | ppl    26.74
Epoch:   3 | 12375/39011 batches | lr 0.002207 | ms/batch 576.99 | loss  3.29 | ppl    26.87
Epoch:   3 | 12500/39011 batches | lr 0.002204 | ms/batch 576.20 | loss  3.24 | ppl    25.58
Epoch:   3 | 12625/39011 batches | lr 0.002202 | ms/batch 585.11 | loss  3.23 | ppl    25.36
Epoch:   3 | 12750/39011 batches | lr 0.002199 | ms/batch 577.49 | loss  3.29 | ppl    26.71
Epoch:   3 | 12875/39011 batches | lr 0.002197 | ms/batch 569.82 | loss  3.24 | ppl    25.41
Epoch:   3 | 13000/39011 batches | lr 0.002194 | ms/batch 585.16 | loss  3.27 | ppl    26.18
Epoch:   3 | 13125/39011 batches | lr 0.002192 | ms/batch 582.57 | loss  3.28 | ppl    26.47
Epoch:   3 | 13250/39011 batches | lr 0.002189 | ms/batch 563.27 | loss  3.26 | ppl    26.16
Epoch:   3 | 13375/39011 batches | lr 0.002186 | ms/batch 573.54 | loss  3.33 | ppl    27.90
Epoch:   3 | 13500/39011 batches | lr 0.002184 | ms/batch 552.58 | loss  3.27 | ppl    26.31
Epoch:   3 | 13625/39011 batches | lr 0.002181 | ms/batch 537.02 | loss  3.22 | ppl    24.94
Epoch:   3 | 13750/39011 batches | lr 0.002179 | ms/batch 552.33 | loss  3.24 | ppl    25.52
Epoch:   3 | 13875/39011 batches | lr 0.002176 | ms/batch 561.55 | loss  3.26 | ppl    26.01
Epoch:   3 | 14000/39011 batches | lr 0.002174 | ms/batch 572.47 | loss  3.29 | ppl    26.86
Epoch:   3 | 14125/39011 batches | lr 0.002171 | ms/batch 559.11 | loss  3.24 | ppl    25.53
Epoch:   3 | 14250/39011 batches | lr 0.002168 | ms/batch 573.83 | loss  3.30 | ppl    27.07
Epoch:   3 | 14375/39011 batches | lr 0.002166 | ms/batch 557.10 | loss  3.25 | ppl    25.78
Epoch:   3 | 14500/39011 batches | lr 0.002163 | ms/batch 552.77 | loss  3.31 | ppl    27.41
Epoch:   3 | 14625/39011 batches | lr 0.002161 | ms/batch 549.81 | loss  3.29 | ppl    26.81
Epoch:   3 | 14750/39011 batches | lr 0.002158 | ms/batch 579.93 | loss  3.24 | ppl    25.45
Epoch:   3 | 14875/39011 batches | lr 0.002156 | ms/batch 556.22 | loss  3.28 | ppl    26.63
Epoch:   3 | 15000/39011 batches | lr 0.002153 | ms/batch 548.81 | loss  3.24 | ppl    25.48
Epoch:   3 | 15125/39011 batches | lr 0.002151 | ms/batch 551.20 | loss  3.25 | ppl    25.83
Epoch:   3 | 15250/39011 batches | lr 0.002148 | ms/batch 570.49 | loss  3.25 | ppl    25.67
Epoch:   3 | 15375/39011 batches | lr 0.002145 | ms/batch 554.49 | loss  3.29 | ppl    26.75
Epoch:   3 | 15500/39011 batches | lr 0.002143 | ms/batch 567.51 | loss  3.25 | ppl    25.69
Epoch:   3 | 15625/39011 batches | lr 0.002140 | ms/batch 581.19 | loss  3.23 | ppl    25.30
Epoch:   3 | 15750/39011 batches | lr 0.002138 | ms/batch 583.10 | loss  3.22 | ppl    25.06
Epoch:   3 | 15875/39011 batches | lr 0.002135 | ms/batch 586.32 | loss  3.24 | ppl    25.49
Epoch:   3 | 16000/39011 batches | lr 0.002133 | ms/batch 585.39 | loss  3.27 | ppl    26.29
Epoch:   3 | 16125/39011 batches | lr 0.002130 | ms/batch 587.52 | loss  3.25 | ppl    25.90
Epoch:   3 | 16250/39011 batches | lr 0.002127 | ms/batch 586.77 | loss  3.26 | ppl    25.94
Epoch:   3 | 16375/39011 batches | lr 0.002125 | ms/batch 589.30 | loss  3.26 | ppl    25.95
Epoch:   3 | 16500/39011 batches | lr 0.002122 | ms/batch 590.66 | loss  3.26 | ppl    26.00
Epoch:   3 | 16625/39011 batches | lr 0.002120 | ms/batch 588.91 | loss  3.21 | ppl    24.82
Epoch:   3 | 16750/39011 batches | lr 0.002117 | ms/batch 577.95 | loss  3.29 | ppl    26.90
Epoch:   3 | 16875/39011 batches | lr 0.002115 | ms/batch 581.42 | loss  3.23 | ppl    25.39
Epoch:   3 | 17000/39011 batches | lr 0.002112 | ms/batch 566.73 | loss  3.25 | ppl    25.68
Epoch:   3 | 17125/39011 batches | lr 0.002109 | ms/batch 563.00 | loss  3.27 | ppl    26.38
Epoch:   3 | 17250/39011 batches | lr 0.002107 | ms/batch 554.09 | loss  3.30 | ppl    27.10
Epoch:   3 | 17375/39011 batches | lr 0.002104 | ms/batch 594.59 | loss  3.27 | ppl    26.43
Epoch:   3 | 17500/39011 batches | lr 0.002102 | ms/batch 563.92 | loss  3.24 | ppl    25.66
Epoch:   3 | 17625/39011 batches | lr 0.002099 | ms/batch 569.88 | loss  3.27 | ppl    26.30
Epoch:   3 | 17750/39011 batches | lr 0.002097 | ms/batch 576.74 | loss  3.27 | ppl    26.34
Epoch:   3 | 17875/39011 batches | lr 0.002094 | ms/batch 561.22 | loss  3.20 | ppl    24.63
Epoch:   3 | 18000/39011 batches | lr 0.002092 | ms/batch 566.96 | loss  3.27 | ppl    26.20
Epoch:   3 | 18125/39011 batches | lr 0.002089 | ms/batch 558.47 | loss  3.29 | ppl    26.74
Epoch:   3 | 18250/39011 batches | lr 0.002086 | ms/batch 570.68 | loss  3.24 | ppl    25.59
Epoch:   3 | 18375/39011 batches | lr 0.002084 | ms/batch 567.34 | loss  3.29 | ppl    26.77
Epoch:   3 | 18500/39011 batches | lr 0.002081 | ms/batch 559.88 | loss  3.25 | ppl    25.86
Epoch:   3 | 18625/39011 batches | lr 0.002079 | ms/batch 549.75 | loss  3.28 | ppl    26.46
Epoch:   3 | 18750/39011 batches | lr 0.002076 | ms/batch 548.48 | loss  3.29 | ppl    26.71
Epoch:   3 | 18875/39011 batches | lr 0.002074 | ms/batch 549.29 | loss  3.26 | ppl    25.97
Epoch:   3 | 19000/39011 batches | lr 0.002071 | ms/batch 551.12 | loss  3.27 | ppl    26.37
